2024-09-26 15:24:08 [[32minfo[39m]: Request received at Open Projects
2024-09-26 15:24:11 [[32minfo[39m]: Request received at Open Projects
2024-09-26 15:24:12 [[32minfo[39m]: Request received at Completed Projects
2024-09-26 15:24:14 [[32minfo[39m]: Request received at Completed Projects
2024-09-26 15:24:15 [[32minfo[39m]: Request received at OnHold Projects
2024-09-26 15:24:18 [[32minfo[39m]: Request received at OnHold Projects
2024-09-26 17:09:20 [[32minfo[39m]: Request received at View Assets
2024-09-26 17:09:20 [[32minfo[39m]: Request received at View Assets
2024-09-26 17:09:20 [[32minfo[39m]: Request received at View Assets
2024-09-26 17:09:20 [[32minfo[39m]: Request received at View Assets
2024-09-26 17:12:29 [[32minfo[39m]: Request received at Open Projects
2024-09-26 17:12:31 [[32minfo[39m]: Request received at Open Projects
2024-09-26 17:13:13 [[32minfo[39m]: Request received at Completed Projects
2024-09-26 17:13:15 [[32minfo[39m]: Request received at Completed Projects
2024-09-26 17:13:18 [[32minfo[39m]: Request received at OnHold Projects
2024-09-26 17:13:20 [[32minfo[39m]: Request received at OnHold Projects
2024-09-26 18:12:43 [[32minfo[39m]: Request received at View Drawings
2024-09-26 18:12:43 [[32minfo[39m]: Request received at View Drawings
2024-09-26 18:12:48 [[32minfo[39m]: Request received at View Assets
2024-09-26 18:12:48 [[32minfo[39m]: Request received at View Assets
2024-09-26 18:13:02 [[32minfo[39m]: Request received at Open Projects
2024-09-26 18:13:02 [[32minfo[39m]: Request received at Open Projects
2024-09-26 18:13:20 [[32minfo[39m]: Request received at Upcoming Projects
2024-09-26 18:13:20 [[32minfo[39m]: Request received at Upcoming Projects
2024-09-26 18:13:24 [[32minfo[39m]: Request received at Quality Check
2024-09-26 18:13:25 [[32minfo[39m]: Request received at Quality Check
2024-09-27 11:33:52 [[32minfo[39m]: Request received at Open Projects
2024-09-27 11:33:54 [[32minfo[39m]: Request received at Open Projects
2024-10-01 16:20:23 [[32minfo[39m]: Request received at PM Login Details
2024-10-01 21:57:09 [[32minfo[39m]: Request received at Open Projects
2024-10-01 21:57:09 [[32minfo[39m]: Request received at Open Projects
2024-10-01 21:57:11 [[32minfo[39m]: Request received at Completed Projects
2024-10-01 21:57:11 [[32minfo[39m]: Request received at Completed Projects
2024-10-01 21:57:12 [[32minfo[39m]: Request received at OnHold Projects
2024-10-01 21:57:14 [[32minfo[39m]: Request received at Completed Projects
2024-10-01 21:57:14 [[32minfo[39m]: Request received at OnHold Projects
2024-10-01 21:57:14 [[32minfo[39m]: Request received at Completed Projects
2024-10-01 21:57:25 [[32minfo[39m]: Request received at Open Projects
2024-10-01 21:57:25 [[32minfo[39m]: Request received at Open Projects
2024-10-01 21:57:32 [[32minfo[39m]: Request received at Open Projects
2024-10-01 21:57:32 [[32minfo[39m]: Request received at Open Projects
2024-10-01 21:57:47 [[32minfo[39m]: Request received at Open Projects
2024-10-01 21:57:49 [[32minfo[39m]: Request received at Open Projects
2024-10-01 21:57:51 [[32minfo[39m]: Request received at Upcoming Projects
2024-10-01 21:57:51 [[32minfo[39m]: Request received at Upcoming Projects
2024-10-01 21:58:09 [[32minfo[39m]: Request received at Open Projects
2024-10-01 21:58:09 [[32minfo[39m]: Request received at Open Projects
2024-10-01 21:58:10 [[32minfo[39m]: Request received at Quality Check
2024-10-01 21:58:10 [[32minfo[39m]: Request received at Quality Check
2024-10-01 21:58:32 [[32minfo[39m]: Request received at View Drawings
2024-10-01 21:58:32 [[32minfo[39m]: Request received at View Drawings
2024-10-01 21:58:50 [[32minfo[39m]: Request received at View Assets
2024-10-01 21:58:50 [[32minfo[39m]: Request received at View Assets
2024-10-01 21:58:52 [[32minfo[39m]: Request received at View Assets
2024-10-01 21:58:52 [[32minfo[39m]: Request received at View Assets
2024-10-01 21:58:52 [[32minfo[39m]: Request received at View Assets
2024-10-01 21:58:52 [[32minfo[39m]: Request received at View Assets
2024-10-03 10:14:54 [[32minfo[39m]: Request received at PM Login Details
2024-10-03 14:23:52 [[32minfo[39m]: Request received at Open Projects
2024-10-03 14:23:53 [[32minfo[39m]: Request received at Open Projects
2024-10-03 14:27:53 [[32minfo[39m]: Request received at Open Projects
2024-10-03 14:27:53 [[32minfo[39m]: Request received at Open Projects
2024-10-03 14:35:52 [[32minfo[39m]: Request received at Open Projects
2024-10-03 14:35:54 [[32minfo[39m]: Request received at Open Projects
2024-10-03 14:37:10 [[32minfo[39m]: Request received at View Drawings
2024-10-03 14:37:11 [[32minfo[39m]: Request received at View Drawings
2024-10-03 14:39:28 [[32minfo[39m]: Request received at View Drawings
2024-10-03 14:39:28 [[32minfo[39m]: Request received at View Drawings
2024-10-03 14:40:22 [[32minfo[39m]: Request received at Open Projects
2024-10-03 14:40:23 [[32minfo[39m]: Request received at Open Projects
2024-10-03 14:43:05 [[32minfo[39m]: Request received at Open Projects
2024-10-03 14:43:06 [[32minfo[39m]: Request received at Open Projects
2024-10-03 14:45:10 [[32minfo[39m]: Request received at Open Projects
2024-10-03 14:45:13 [[32minfo[39m]: Request received at Open Projects
2024-10-03 14:46:57 [[32minfo[39m]: Request received at Open Projects
2024-10-03 14:46:57 [[32minfo[39m]: Request received at Open Projects
2024-10-03 14:49:50 [[32minfo[39m]: Request received at Open Projects
2024-10-03 14:49:51 [[32minfo[39m]: Request received at Open Projects
2024-10-03 14:50:08 [[32minfo[39m]: Request received at Open Projects
2024-10-03 14:50:08 [[32minfo[39m]: Request received at Open Projects
2024-10-03 15:01:55 [[32minfo[39m]: Request received at Open Projects
2024-10-03 15:01:55 [[32minfo[39m]: Request received at Open Projects
2024-10-03 15:02:24 [[32minfo[39m]: Request received at Open Projects
2024-10-03 15:02:26 [[32minfo[39m]: Request received at Open Projects
2024-10-03 15:08:56 [[32minfo[39m]: Request received at Open Projects
2024-10-03 15:08:57 [[32minfo[39m]: Request received at Open Projects
2024-10-03 15:08:58 [[32minfo[39m]: Request received at Open Projects
2024-10-03 15:08:59 [[32minfo[39m]: Request received at Open Projects
2024-10-03 16:42:34 [[32minfo[39m]: Request received at Open Projects
2024-10-03 16:42:35 [[32minfo[39m]: Request received at Open Projects
2024-10-03 17:32:34 [[32minfo[39m]: Request received at View Assets
2024-10-03 17:32:34 [[32minfo[39m]: Request received at View Assets
2024-10-03 17:32:34 [[32minfo[39m]: Request received at View Assets
2024-10-03 17:32:34 [[32minfo[39m]: Request received at View Assets
2024-10-03 17:45:28 [[32minfo[39m]: Request received at View Assets
2024-10-03 17:45:28 [[32minfo[39m]: Request received at View Assets
2024-10-03 17:45:28 [[32minfo[39m]: Request received at View Assets
2024-10-03 17:45:28 [[32minfo[39m]: Request received at View Assets
2024-10-04 15:21:49 [[31merror[39m]: Error message Open ProjectsReferenceError: pmEmail is not defined
2024-10-04 15:21:49 [[31merror[39m]: Error message Open ProjectsReferenceError: pmEmail is not defined
2024-10-04 15:21:51 [[31merror[39m]: Error message Completed ProjectsReferenceError: pmEmail is not defined
2024-10-04 15:21:51 [[31merror[39m]: Error message Completed ProjectsReferenceError: pmEmail is not defined
2024-10-04 15:21:53 [[31merror[39m]: Error message OnHold ProjectsReferenceError: pmEmail is not defined
2024-10-04 15:21:53 [[31merror[39m]: Error message OnHold ProjectsReferenceError: pmEmail is not defined
2024-10-04 15:22:25 [[31merror[39m]: Error message Completed ProjectsReferenceError: pmEmail is not defined
2024-10-04 15:22:25 [[31merror[39m]: Error message Completed ProjectsReferenceError: pmEmail is not defined
2024-10-04 15:22:34 [[31merror[39m]: Error message Cancelled ProjectsReferenceError: pmEmail is not defined
2024-10-04 15:22:34 [[31merror[39m]: Error message Cancelled ProjectsReferenceError: pmEmail is not defined
2024-10-04 15:22:35 [[31merror[39m]: Error message OnHold ProjectsReferenceError: pmEmail is not defined
2024-10-04 15:22:35 [[31merror[39m]: Error message OnHold ProjectsReferenceError: pmEmail is not defined
2024-10-04 15:22:45 [[31merror[39m]: Error message Open ProjectsReferenceError: pmEmail is not defined
2024-10-04 15:22:45 [[31merror[39m]: Error message Open ProjectsReferenceError: pmEmail is not defined
2024-10-04 15:22:45 [[31merror[39m]: Error message Upcoming DeliveriesReferenceError: pmEmail is not defined
2024-10-04 15:22:45 [[31merror[39m]: Error message Upcoming DeliveriesReferenceError: pmEmail is not defined
2024-10-04 15:22:46 [[31merror[39m]: Error message Quality CheckReferenceError: pmEmail is not defined
2024-10-04 15:22:46 [[31merror[39m]: Error message Quality CheckReferenceError: pmEmail is not defined
2024-10-04 15:23:10 [[32minfo[39m]: Request received at Open Projects
2024-10-04 15:23:10 [[32minfo[39m]: Request received at Open Projects
2024-10-04 15:23:12 [[32minfo[39m]: Request received at Completed Projects
2024-10-04 15:23:12 [[32minfo[39m]: Request received at Completed Projects
2024-10-04 15:23:13 [[32minfo[39m]: Request received at OnHold Projects
2024-10-04 15:23:14 [[32minfo[39m]: Request received at OnHold Projects
2024-10-04 15:38:08 [[32minfo[39m]: Request received at Open Projects
2024-10-04 15:38:08 [[32minfo[39m]: Request received at Open Projects
2024-10-04 15:38:34 [[32minfo[39m]: Request received at Completed Projects
2024-10-04 15:38:34 [[32minfo[39m]: Request received at Completed Projects
2024-10-04 15:38:35 [[32minfo[39m]: Request received at OnHold Projects
2024-10-04 15:38:35 [[32minfo[39m]: Request received at OnHold Projects
2024-10-04 15:38:37 [[32minfo[39m]: Request received at Cancelled Projects
2024-10-04 15:38:38 [[32minfo[39m]: Request received at Cancelled Projects
2024-10-04 15:39:01 [[32minfo[39m]: Request received at Open Projects
2024-10-04 15:39:02 [[32minfo[39m]: Request received at Open Projects
2024-10-04 15:39:03 [[32minfo[39m]: Request received at Completed Projects
2024-10-04 15:39:03 [[32minfo[39m]: Request received at Completed Projects
2024-10-04 15:39:04 [[32minfo[39m]: Request received at Open Projects
2024-10-04 15:39:04 [[32minfo[39m]: Request received at Open Projects
2024-10-04 15:39:07 [[32minfo[39m]: Request received at Open Projects
2024-10-04 15:39:07 [[32minfo[39m]: Request received at Open Projects
2024-10-04 15:39:15 [[32minfo[39m]: Request received at Completed Projects
2024-10-04 15:39:15 [[32minfo[39m]: Request received at Completed Projects
2024-10-04 15:39:30 [[32minfo[39m]: Request received at Open Projects
2024-10-04 15:39:30 [[32minfo[39m]: Request received at Open Projects
2024-10-04 15:39:31 [[32minfo[39m]: Request received at Completed Projects
2024-10-04 15:39:33 [[32minfo[39m]: Request received at Completed Projects
2024-10-04 15:48:01 [[32minfo[39m]: Request received at Open Projects
2024-10-04 15:48:01 [[32minfo[39m]: Request received at Open Projects
2024-10-04 16:51:42 [[32minfo[39m]: Request received at Open Projects
2024-10-04 16:51:42 [[32minfo[39m]: Request received at Open Projects
2024-10-04 18:06:58 [[32minfo[39m]: Request received at Open Projects
2024-10-04 18:07:00 [[32minfo[39m]: Request received at Open Projects
2024-10-04 18:09:32 [[32minfo[39m]: Request received at View Drawings
2024-10-04 18:09:33 [[32minfo[39m]: Request received at View Drawings
2024-10-04 18:09:35 [[32minfo[39m]: Request received at View Drawings
2024-10-04 18:09:35 [[32minfo[39m]: Request received at View Drawings
2024-10-04 18:09:41 [[32minfo[39m]: Request received at Upcoming Projects
2024-10-04 18:09:42 [[32minfo[39m]: Request received at Upcoming Projects
2024-10-04 18:09:44 [[32minfo[39m]: Request received at Quality Check
2024-10-04 18:09:45 [[32minfo[39m]: Request received at Quality Check
2024-10-05 12:05:59 [[32minfo[39m]: Request received at Open Projects
2024-10-05 12:05:59 [[32minfo[39m]: Request received at Open Projects
2024-10-05 12:06:00 [[32minfo[39m]: Request received at Completed Projects
2024-10-05 12:06:01 [[32minfo[39m]: Request received at Completed Projects
2024-10-05 12:06:02 [[32minfo[39m]: Request received at OnHold Projects
2024-10-05 12:06:02 [[32minfo[39m]: Request received at OnHold Projects
2024-10-05 12:06:05 [[32minfo[39m]: Request received at Cancelled Projects
2024-10-05 12:06:05 [[32minfo[39m]: Request received at Cancelled Projects
2024-10-05 12:06:25 [[32minfo[39m]: Request received at Quality Check
2024-10-05 12:06:26 [[32minfo[39m]: Request received at Quality Check
2024-10-05 12:06:28 [[32minfo[39m]: Request received at Upcoming Projects
2024-10-05 12:06:29 [[32minfo[39m]: Request received at Upcoming Projects
2024-10-05 12:06:46 [[32minfo[39m]: Request received at View Assets
2024-10-05 12:06:47 [[32minfo[39m]: Request received at View Assets
2024-10-05 12:06:49 [[32minfo[39m]: Request received at View Assets
2024-10-05 12:06:49 [[32minfo[39m]: Request received at View Assets
2024-10-05 12:06:49 [[32minfo[39m]: Request received at View Assets
2024-10-05 12:06:49 [[32minfo[39m]: Request received at View Assets
